[0.013s] Invoking command in '/home/kiks/okdo_lidar/ld19/PC_ROS2_SDK/build/ldlidar': /usr/bin/cmake /home/kiks/okdo_lidar/ld19/PC_ROS2_SDK/src/ldlidar -DCMAKE_INSTALL_PREFIX=/home/kiks/okdo_lidar/ld19/PC_ROS2_SDK/install/ldlidar
[0.056s] -- The C compiler identification is GNU 11.3.0
[0.103s] -- The CXX compiler identification is GNU 11.3.0
[0.109s] -- Detecting C compiler ABI info
[0.160s] -- Detecting C compiler ABI info - done
[0.167s] -- Check for working C compiler: /usr/bin/cc - skipped
[0.167s] -- Detecting C compile features
[0.168s] -- Detecting C compile features - done
[0.170s] -- Detecting CXX compiler ABI info
[0.232s] -- Detecting CXX compiler ABI info - done
[0.240s] -- Check for working CXX compiler: /usr/bin/c++ - skipped
[0.240s] -- Detecting CXX compile features
[0.241s] -- Detecting CXX compile features - done
[0.248s] [31mCMake Error at CMakeLists.txt:9 (find_package):
[0.249s]   By not providing "Findament_cmake.cmake" in CMAKE_MODULE_PATH this project
[0.249s]   has asked CMake to find a package configuration file provided by
[0.249s]   "ament_cmake", but CMake did not find one.
[0.249s] 
[0.249s]   Could not find a package configuration file provided by "ament_cmake" with
[0.249s]   any of the following names:
[0.249s] 
[0.249s]     ament_cmakeConfig.cmake
[0.249s]     ament_cmake-config.cmake
[0.249s] 
[0.249s]   Add the installation prefix of "ament_cmake" to CMAKE_PREFIX_PATH or set
[0.249s]   "ament_cmake_DIR" to a directory containing one of the above files.  If
[0.249s]   "ament_cmake" provides a separate development package or SDK, be sure it
[0.249s]   has been installed.
[0.249s] 
[0.249s] [0m
[0.249s] -- Configuring incomplete, errors occurred!
[0.250s] See also "/home/kiks/okdo_lidar/ld19/PC_ROS2_SDK/build/ldlidar/CMakeFiles/CMakeOutput.log".
[0.252s] Invoked command in '/home/kiks/okdo_lidar/ld19/PC_ROS2_SDK/build/ldlidar' returned '1': /usr/bin/cmake /home/kiks/okdo_lidar/ld19/PC_ROS2_SDK/src/ldlidar -DCMAKE_INSTALL_PREFIX=/home/kiks/okdo_lidar/ld19/PC_ROS2_SDK/install/ldlidar
