[35m[1mConsolidate compiler generated dependencies of target ldlider[0m
[ 20%] [32mBuilding CXX object CMakeFiles/ldlider.dir/src/cmd_interface_linux.cpp.o[0m
[ 40%] [32m[1mLinking CXX executable ldlider[0m
[100%] Built target ldlider
-- Install configuration: ""
-- Installing: /home/kiks/okdo_lidar/ld19/PC_ROS2_SDK/install/ldlidar/lib/ldlidar/ldlider
-- Set runtime path of "/home/kiks/okdo_lidar/ld19/PC_ROS2_SDK/install/ldlidar/lib/ldlidar/ldlider" to ""
-- Up-to-date: /home/kiks/okdo_lidar/ld19/PC_ROS2_SDK/install/ldlidar/share/ament_index/resource_index/package_run_dependencies/ldlidar
-- Up-to-date: /home/kiks/okdo_lidar/ld19/PC_ROS2_SDK/install/ldlidar/share/ament_index/resource_index/parent_prefix_path/ldlidar
-- Up-to-date: /home/kiks/okdo_lidar/ld19/PC_ROS2_SDK/install/ldlidar/share/ldlidar/environment/ament_prefix_path.sh
-- Up-to-date: /home/kiks/okdo_lidar/ld19/PC_ROS2_SDK/install/ldlidar/share/ldlidar/environment/ament_prefix_path.dsv
-- Up-to-date: /home/kiks/okdo_lidar/ld19/PC_ROS2_SDK/install/ldlidar/share/ldlidar/environment/path.sh
-- Up-to-date: /home/kiks/okdo_lidar/ld19/PC_ROS2_SDK/install/ldlidar/share/ldlidar/environment/path.dsv
-- Up-to-date: /home/kiks/okdo_lidar/ld19/PC_ROS2_SDK/install/ldlidar/share/ldlidar/local_setup.bash
-- Up-to-date: /home/kiks/okdo_lidar/ld19/PC_ROS2_SDK/install/ldlidar/share/ldlidar/local_setup.sh
-- Up-to-date: /home/kiks/okdo_lidar/ld19/PC_ROS2_SDK/install/ldlidar/share/ldlidar/local_setup.zsh
-- Up-to-date: /home/kiks/okdo_lidar/ld19/PC_ROS2_SDK/install/ldlidar/share/ldlidar/local_setup.dsv
-- Installing: /home/kiks/okdo_lidar/ld19/PC_ROS2_SDK/install/ldlidar/share/ldlidar/package.dsv
-- Up-to-date: /home/kiks/okdo_lidar/ld19/PC_ROS2_SDK/install/ldlidar/share/ament_index/resource_index/packages/ldlidar
-- Up-to-date: /home/kiks/okdo_lidar/ld19/PC_ROS2_SDK/install/ldlidar/share/ldlidar/cmake/ldlidarConfig.cmake
-- Up-to-date: /home/kiks/okdo_lidar/ld19/PC_ROS2_SDK/install/ldlidar/share/ldlidar/cmake/ldlidarConfig-version.cmake
-- Up-to-date: /home/kiks/okdo_lidar/ld19/PC_ROS2_SDK/install/ldlidar/share/ldlidar/package.xml
