[0.015s] Invoking command in '/home/kiks/okdo_lidar/ld19/PC_ROS2_SDK/build/ldlidar': CMAKE_PREFIX_PATH=${CMAKE_PREFIX_PATH}:/opt/ros/humble /usr/bin/cmake --build /home/kiks/okdo_lidar/ld19/PC_ROS2_SDK/build/ldlidar -- -j8 -l8
[0.048s] [35m[1mConsolidate compiler generated dependencies of target ldlider[0m
[0.064s] [ 20%] [32mBuilding CXX object CMakeFiles/ldlider.dir/src/cmd_interface_linux.cpp.o[0m
[0.674s] [ 40%] [32m[1mLinking CXX executable ldlider[0m
[0.865s] [100%] Built target ldlider
[0.873s] Invoked command in '/home/kiks/okdo_lidar/ld19/PC_ROS2_SDK/build/ldlidar' returned '0': CMAKE_PREFIX_PATH=${CMAKE_PREFIX_PATH}:/opt/ros/humble /usr/bin/cmake --build /home/kiks/okdo_lidar/ld19/PC_ROS2_SDK/build/ldlidar -- -j8 -l8
[0.900s] Invoking command in '/home/kiks/okdo_lidar/ld19/PC_ROS2_SDK/build/ldlidar': CMAKE_PREFIX_PATH=${CMAKE_PREFIX_PATH}:/opt/ros/humble /usr/bin/cmake --install /home/kiks/okdo_lidar/ld19/PC_ROS2_SDK/build/ldlidar
[0.906s] -- Install configuration: ""
[0.906s] -- Installing: /home/kiks/okdo_lidar/ld19/PC_ROS2_SDK/install/ldlidar/lib/ldlidar/ldlider
[0.907s] -- Set runtime path of "/home/kiks/okdo_lidar/ld19/PC_ROS2_SDK/install/ldlidar/lib/ldlidar/ldlider" to ""
[0.907s] -- Up-to-date: /home/kiks/okdo_lidar/ld19/PC_ROS2_SDK/install/ldlidar/share/ament_index/resource_index/package_run_dependencies/ldlidar
[0.907s] -- Up-to-date: /home/kiks/okdo_lidar/ld19/PC_ROS2_SDK/install/ldlidar/share/ament_index/resource_index/parent_prefix_path/ldlidar
[0.907s] -- Up-to-date: /home/kiks/okdo_lidar/ld19/PC_ROS2_SDK/install/ldlidar/share/ldlidar/environment/ament_prefix_path.sh
[0.907s] -- Up-to-date: /home/kiks/okdo_lidar/ld19/PC_ROS2_SDK/install/ldlidar/share/ldlidar/environment/ament_prefix_path.dsv
[0.908s] -- Up-to-date: /home/kiks/okdo_lidar/ld19/PC_ROS2_SDK/install/ldlidar/share/ldlidar/environment/path.sh
[0.908s] -- Up-to-date: /home/kiks/okdo_lidar/ld19/PC_ROS2_SDK/install/ldlidar/share/ldlidar/environment/path.dsv
[0.908s] -- Up-to-date: /home/kiks/okdo_lidar/ld19/PC_ROS2_SDK/install/ldlidar/share/ldlidar/local_setup.bash
[0.908s] -- Up-to-date: /home/kiks/okdo_lidar/ld19/PC_ROS2_SDK/install/ldlidar/share/ldlidar/local_setup.sh
[0.908s] -- Up-to-date: /home/kiks/okdo_lidar/ld19/PC_ROS2_SDK/install/ldlidar/share/ldlidar/local_setup.zsh
[0.908s] -- Up-to-date: /home/kiks/okdo_lidar/ld19/PC_ROS2_SDK/install/ldlidar/share/ldlidar/local_setup.dsv
[0.908s] -- Installing: /home/kiks/okdo_lidar/ld19/PC_ROS2_SDK/install/ldlidar/share/ldlidar/package.dsv
[0.908s] -- Up-to-date: /home/kiks/okdo_lidar/ld19/PC_ROS2_SDK/install/ldlidar/share/ament_index/resource_index/packages/ldlidar
[0.908s] -- Up-to-date: /home/kiks/okdo_lidar/ld19/PC_ROS2_SDK/install/ldlidar/share/ldlidar/cmake/ldlidarConfig.cmake
[0.908s] -- Up-to-date: /home/kiks/okdo_lidar/ld19/PC_ROS2_SDK/install/ldlidar/share/ldlidar/cmake/ldlidarConfig-version.cmake
[0.908s] -- Up-to-date: /home/kiks/okdo_lidar/ld19/PC_ROS2_SDK/install/ldlidar/share/ldlidar/package.xml
[0.910s] Invoked command in '/home/kiks/okdo_lidar/ld19/PC_ROS2_SDK/build/ldlidar' returned '0': CMAKE_PREFIX_PATH=${CMAKE_PREFIX_PATH}:/opt/ros/humble /usr/bin/cmake --install /home/kiks/okdo_lidar/ld19/PC_ROS2_SDK/build/ldlidar
