[0.011s] Invoking command in '/home/kiks/okdo_lidar/ld19/PC_ROS2_SDK/build/ldlidar': CMAKE_PREFIX_PATH=${CMAKE_PREFIX_PATH}:/opt/ros/humble /usr/bin/cmake /home/kiks/okdo_lidar/ld19/PC_ROS2_SDK/src/ldlidar -DCMAKE_INSTALL_PREFIX=/home/kiks/okdo_lidar/ld19/PC_ROS2_SDK/install/ldlidar
[0.056s] -- The C compiler identification is GNU 11.3.0
[0.101s] -- The CXX compiler identification is GNU 11.3.0
[0.108s] -- Detecting C compiler ABI info
[0.164s] -- Detecting C compiler ABI info - done
[0.172s] -- Check for working C compiler: /usr/bin/cc - skipped
[0.172s] -- Detecting C compile features
[0.173s] -- Detecting C compile features - done
[0.175s] -- Detecting CXX compiler ABI info
[0.243s] -- Detecting CXX compiler ABI info - done
[0.251s] -- Check for working CXX compiler: /usr/bin/c++ - skipped
[0.252s] -- Detecting CXX compile features
[0.252s] -- Detecting CXX compile features - done
[0.254s] -- Found ament_cmake: 1.3.3 (/opt/ros/humble/share/ament_cmake/cmake)
[0.429s] -- Found Python3: /usr/bin/python3.10 (found version "3.10.6") found components: Interpreter 
[0.513s] -- Found ament_lint_auto: 0.12.4 (/opt/ros/humble/share/ament_lint_auto/cmake)
[0.598s] -- Found rclcpp: 16.0.2 (/opt/ros/humble/share/rclcpp/cmake)
[0.635s] -- Found rosidl_generator_c: 3.1.4 (/opt/ros/humble/share/rosidl_generator_c/cmake)
[0.640s] -- Found rosidl_adapter: 3.1.4 (/opt/ros/humble/share/rosidl_adapter/cmake)
[0.647s] -- Found rosidl_generator_cpp: 3.1.4 (/opt/ros/humble/share/rosidl_generator_cpp/cmake)
[0.660s] -- Using all available rosidl_typesupport_c: rosidl_typesupport_fastrtps_c;rosidl_typesupport_introspection_c
[0.679s] -- Using all available rosidl_typesupport_cpp: rosidl_typesupport_fastrtps_cpp;rosidl_typesupport_introspection_cpp
[0.744s] -- Found rmw_implementation_cmake: 6.1.1 (/opt/ros/humble/share/rmw_implementation_cmake/cmake)
[0.746s] -- Found rmw_fastrtps_cpp: 6.2.2 (/opt/ros/humble/share/rmw_fastrtps_cpp/cmake)
[0.818s] -- Found OpenSSL: /usr/lib/x86_64-linux-gnu/libcrypto.so (found version "3.0.2")  
[0.841s] -- Found FastRTPS: /opt/ros/humble/include  
[0.885s] -- Using RMW implementation 'rmw_fastrtps_cpp' as default
[0.897s] -- Looking for pthread.h
[0.957s] -- Looking for pthread.h - found
[0.957s] -- Performing Test CMAKE_HAVE_LIBC_PTHREAD
[1.015s] -- Performing Test CMAKE_HAVE_LIBC_PTHREAD - Success
[1.016s] -- Found Threads: TRUE  
[1.180s] -- Found sensor_msgs: 4.2.2 (/opt/ros/humble/share/sensor_msgs/cmake)
[1.308s] -- Added test 'cppcheck' to perform static code analysis on C / C++ code
[1.308s] -- Configured cppcheck include dirs: 
[1.308s] -- Configured cppcheck exclude dirs and/or files: 
[1.309s] -- Added test 'lint_cmake' to check CMake code style
[1.310s] -- Added test 'uncrustify' to check C / C++ code style
[1.310s] -- Configured uncrustify additional arguments: 
[1.310s] -- Added test 'xmllint' to check XML markup files
[1.311s] -- Configuring done
[1.319s] -- Generating done
[1.321s] -- Build files have been written to: /home/kiks/okdo_lidar/ld19/PC_ROS2_SDK/build/ldlidar
[1.330s] Invoked command in '/home/kiks/okdo_lidar/ld19/PC_ROS2_SDK/build/ldlidar' returned '0': CMAKE_PREFIX_PATH=${CMAKE_PREFIX_PATH}:/opt/ros/humble /usr/bin/cmake /home/kiks/okdo_lidar/ld19/PC_ROS2_SDK/src/ldlidar -DCMAKE_INSTALL_PREFIX=/home/kiks/okdo_lidar/ld19/PC_ROS2_SDK/install/ldlidar
[1.331s] Invoking command in '/home/kiks/okdo_lidar/ld19/PC_ROS2_SDK/build/ldlidar': CMAKE_PREFIX_PATH=${CMAKE_PREFIX_PATH}:/opt/ros/humble /usr/bin/cmake --build /home/kiks/okdo_lidar/ld19/PC_ROS2_SDK/build/ldlidar -- -j8 -l8
[1.362s] [35m[1mConsolidate compiler generated dependencies of target ldlider[0m
[1.380s] [ 20%] [32mBuilding CXX object CMakeFiles/ldlider.dir/src/main.cpp.o[0m
[3.606s] [01m[K/home/kiks/okdo_lidar/ld19/PC_ROS2_SDK/src/ldlidar/src/main.cpp:[m[K In function ‘[01m[Kint main(int, char**)[m[K’:
[3.606s] [01m[K/home/kiks/okdo_lidar/ld19/PC_ROS2_SDK/src/ldlidar/src/main.cpp:65:43:[m[K [01;35m[Kwarning: [m[Kcomparison of integer expressions of different signedness: ‘[01m[Kint[m[K’ and ‘[01m[Kunsigned int[m[K’ [[01;35m[K]8;;https://gcc.gnu.org/onlinedocs/gcc/Warning-Options.html#index-Wsign-compare-Wsign-compare]8;;[m[K]
[3.606s]    65 |                         for (int i = 0; [01;35m[Ki < lens[m[K; i++)
[3.606s]       |                                         [01;35m[K~~^~~~~~[m[K
[5.422s] [ 40%] [32m[1mLinking CXX executable ldlider[0m
[5.629s] [100%] Built target ldlider
[5.638s] Invoked command in '/home/kiks/okdo_lidar/ld19/PC_ROS2_SDK/build/ldlidar' returned '0': CMAKE_PREFIX_PATH=${CMAKE_PREFIX_PATH}:/opt/ros/humble /usr/bin/cmake --build /home/kiks/okdo_lidar/ld19/PC_ROS2_SDK/build/ldlidar -- -j8 -l8
[5.666s] Invoking command in '/home/kiks/okdo_lidar/ld19/PC_ROS2_SDK/build/ldlidar': CMAKE_PREFIX_PATH=${CMAKE_PREFIX_PATH}:/opt/ros/humble /usr/bin/cmake --install /home/kiks/okdo_lidar/ld19/PC_ROS2_SDK/build/ldlidar
[5.671s] -- Install configuration: ""
[5.671s] -- Installing: /home/kiks/okdo_lidar/ld19/PC_ROS2_SDK/install/ldlidar/lib/ldlidar/ldlider
[5.672s] -- Set runtime path of "/home/kiks/okdo_lidar/ld19/PC_ROS2_SDK/install/ldlidar/lib/ldlidar/ldlider" to ""
[5.672s] -- Up-to-date: /home/kiks/okdo_lidar/ld19/PC_ROS2_SDK/install/ldlidar/share/ament_index/resource_index/package_run_dependencies/ldlidar
[5.673s] -- Up-to-date: /home/kiks/okdo_lidar/ld19/PC_ROS2_SDK/install/ldlidar/share/ament_index/resource_index/parent_prefix_path/ldlidar
[5.673s] -- Up-to-date: /home/kiks/okdo_lidar/ld19/PC_ROS2_SDK/install/ldlidar/share/ldlidar/environment/ament_prefix_path.sh
[5.673s] -- Installing: /home/kiks/okdo_lidar/ld19/PC_ROS2_SDK/install/ldlidar/share/ldlidar/environment/ament_prefix_path.dsv
[5.673s] -- Up-to-date: /home/kiks/okdo_lidar/ld19/PC_ROS2_SDK/install/ldlidar/share/ldlidar/environment/path.sh
[5.673s] -- Installing: /home/kiks/okdo_lidar/ld19/PC_ROS2_SDK/install/ldlidar/share/ldlidar/environment/path.dsv
[5.673s] -- Up-to-date: /home/kiks/okdo_lidar/ld19/PC_ROS2_SDK/install/ldlidar/share/ldlidar/local_setup.bash
[5.673s] -- Up-to-date: /home/kiks/okdo_lidar/ld19/PC_ROS2_SDK/install/ldlidar/share/ldlidar/local_setup.sh
[5.673s] -- Up-to-date: /home/kiks/okdo_lidar/ld19/PC_ROS2_SDK/install/ldlidar/share/ldlidar/local_setup.zsh
[5.673s] -- Installing: /home/kiks/okdo_lidar/ld19/PC_ROS2_SDK/install/ldlidar/share/ldlidar/local_setup.dsv
[5.673s] -- Installing: /home/kiks/okdo_lidar/ld19/PC_ROS2_SDK/install/ldlidar/share/ldlidar/package.dsv
[5.674s] -- Up-to-date: /home/kiks/okdo_lidar/ld19/PC_ROS2_SDK/install/ldlidar/share/ament_index/resource_index/packages/ldlidar
[5.674s] -- Up-to-date: /home/kiks/okdo_lidar/ld19/PC_ROS2_SDK/install/ldlidar/share/ldlidar/cmake/ldlidarConfig.cmake
[5.674s] -- Up-to-date: /home/kiks/okdo_lidar/ld19/PC_ROS2_SDK/install/ldlidar/share/ldlidar/cmake/ldlidarConfig-version.cmake
[5.674s] -- Up-to-date: /home/kiks/okdo_lidar/ld19/PC_ROS2_SDK/install/ldlidar/share/ldlidar/package.xml
[5.675s] Invoked command in '/home/kiks/okdo_lidar/ld19/PC_ROS2_SDK/build/ldlidar' returned '0': CMAKE_PREFIX_PATH=${CMAKE_PREFIX_PATH}:/opt/ros/humble /usr/bin/cmake --install /home/kiks/okdo_lidar/ld19/PC_ROS2_SDK/build/ldlidar
