[0.010s] Invoking command in '/home/kiks/okdo_lidar/ld19/PC_ROS2_SDK/build/ldlidar': CMAKE_PREFIX_PATH=/opt/ros/humble /usr/bin/cmake /home/kiks/okdo_lidar/ld19/PC_ROS2_SDK/src/ldlidar -DCMAKE_INSTALL_PREFIX=/home/kiks/okdo_lidar/ld19/PC_ROS2_SDK/install/ldlidar
[0.054s] -- The C compiler identification is GNU 11.3.0
[0.101s] -- The CXX compiler identification is GNU 11.3.0
[0.107s] -- Detecting C compiler ABI info
[0.160s] -- Detecting C compiler ABI info - done
[0.167s] -- Check for working C compiler: /usr/bin/cc - skipped
[0.167s] -- Detecting C compile features
[0.168s] -- Detecting C compile features - done
[0.170s] -- Detecting CXX compiler ABI info
[0.233s] -- Detecting CXX compiler ABI info - done
[0.241s] -- Check for working CXX compiler: /usr/bin/c++ - skipped
[0.241s] -- Detecting CXX compile features
[0.241s] -- Detecting CXX compile features - done
[0.243s] -- Found ament_cmake: 1.3.3 (/opt/ros/humble/share/ament_cmake/cmake)
[0.398s] -- Found Python3: /usr/bin/python3.10 (found version "3.10.6") found components: Interpreter 
[0.474s] -- Found ament_lint_auto: 0.12.4 (/opt/ros/humble/share/ament_lint_auto/cmake)
[0.545s] -- Found rclcpp: 16.0.2 (/opt/ros/humble/share/rclcpp/cmake)
[0.588s] -- Found rosidl_generator_c: 3.1.4 (/opt/ros/humble/share/rosidl_generator_c/cmake)
[0.592s] -- Found rosidl_adapter: 3.1.4 (/opt/ros/humble/share/rosidl_adapter/cmake)
[0.600s] -- Found rosidl_generator_cpp: 3.1.4 (/opt/ros/humble/share/rosidl_generator_cpp/cmake)
[0.613s] -- Using all available rosidl_typesupport_c: rosidl_typesupport_fastrtps_c;rosidl_typesupport_introspection_c
[0.632s] -- Using all available rosidl_typesupport_cpp: rosidl_typesupport_fastrtps_cpp;rosidl_typesupport_introspection_cpp
[0.695s] -- Found rmw_implementation_cmake: 6.1.1 (/opt/ros/humble/share/rmw_implementation_cmake/cmake)
[0.697s] -- Found rmw_fastrtps_cpp: 6.2.2 (/opt/ros/humble/share/rmw_fastrtps_cpp/cmake)
[0.768s] -- Found OpenSSL: /usr/lib/x86_64-linux-gnu/libcrypto.so (found version "3.0.2")  
[0.788s] -- Found FastRTPS: /opt/ros/humble/include  
[0.829s] -- Using RMW implementation 'rmw_fastrtps_cpp' as default
[0.838s] -- Looking for pthread.h
[0.893s] -- Looking for pthread.h - found
[0.893s] -- Performing Test CMAKE_HAVE_LIBC_PTHREAD
[0.951s] -- Performing Test CMAKE_HAVE_LIBC_PTHREAD - Success
[0.952s] -- Found Threads: TRUE  
[1.119s] [31mCMake Error at CMakeLists.txt:27 (find_package):
[1.120s]   By not providing "Findlibudev.cmake" in CMAKE_MODULE_PATH this project has
[1.120s]   asked CMake to find a package configuration file provided by "libudev", but
[1.120s]   CMake did not find one.
[1.120s] 
[1.120s]   Could not find a package configuration file provided by "libudev" with any
[1.120s]   of the following names:
[1.120s] 
[1.120s]     libudevConfig.cmake
[1.120s]     libudev-config.cmake
[1.120s] 
[1.121s]   Add the installation prefix of "libudev" to CMAKE_PREFIX_PATH or set
[1.121s]   "libudev_DIR" to a directory containing one of the above files.  If
[1.121s]   "libudev" provides a separate development package or SDK, be sure it has
[1.121s]   been installed.
[1.121s] 
[1.121s] [0m
[1.121s] -- Configuring incomplete, errors occurred!
[1.121s] See also "/home/kiks/okdo_lidar/ld19/PC_ROS2_SDK/build/ldlidar/CMakeFiles/CMakeOutput.log".
[1.127s] Invoked command in '/home/kiks/okdo_lidar/ld19/PC_ROS2_SDK/build/ldlidar' returned '1': CMAKE_PREFIX_PATH=/opt/ros/humble /usr/bin/cmake /home/kiks/okdo_lidar/ld19/PC_ROS2_SDK/src/ldlidar -DCMAKE_INSTALL_PREFIX=/home/kiks/okdo_lidar/ld19/PC_ROS2_SDK/install/ldlidar
