[0.010s] Invoking command in '/home/kiks/okdo_lidar/ld19/PC_ROS2_SDK/build/ldlidar': CMAKE_PREFIX_PATH=/opt/ros/humble /usr/bin/cmake /home/kiks/okdo_lidar/ld19/PC_ROS2_SDK/src/ldlidar -DCMAKE_INSTALL_PREFIX=/home/kiks/okdo_lidar/ld19/PC_ROS2_SDK/install/ldlidar
[0.055s] -- The C compiler identification is GNU 11.3.0
[0.102s] -- The CXX compiler identification is GNU 11.3.0
[0.109s] -- Detecting C compiler ABI info
[0.161s] -- Detecting C compiler ABI info - done
[0.168s] -- Check for working C compiler: /usr/bin/cc - skipped
[0.168s] -- Detecting C compile features
[0.169s] -- Detecting C compile features - done
[0.171s] -- Detecting CXX compiler ABI info
[0.236s] -- Detecting CXX compiler ABI info - done
[0.244s] -- Check for working CXX compiler: /usr/bin/c++ - skipped
[0.244s] -- Detecting CXX compile features
[0.245s] -- Detecting CXX compile features - done
[0.246s] -- Found ament_cmake: 1.3.3 (/opt/ros/humble/share/ament_cmake/cmake)
[0.399s] -- Found Python3: /usr/bin/python3.10 (found version "3.10.6") found components: Interpreter 
[0.472s] -- Found ament_lint_auto: 0.12.4 (/opt/ros/humble/share/ament_lint_auto/cmake)
[0.553s] -- Found rclcpp: 16.0.2 (/opt/ros/humble/share/rclcpp/cmake)
[0.588s] -- Found rosidl_generator_c: 3.1.4 (/opt/ros/humble/share/rosidl_generator_c/cmake)
[0.592s] -- Found rosidl_adapter: 3.1.4 (/opt/ros/humble/share/rosidl_adapter/cmake)
[0.599s] -- Found rosidl_generator_cpp: 3.1.4 (/opt/ros/humble/share/rosidl_generator_cpp/cmake)
[0.613s] -- Using all available rosidl_typesupport_c: rosidl_typesupport_fastrtps_c;rosidl_typesupport_introspection_c
[0.630s] -- Using all available rosidl_typesupport_cpp: rosidl_typesupport_fastrtps_cpp;rosidl_typesupport_introspection_cpp
[0.694s] -- Found rmw_implementation_cmake: 6.1.1 (/opt/ros/humble/share/rmw_implementation_cmake/cmake)
[0.695s] -- Found rmw_fastrtps_cpp: 6.2.2 (/opt/ros/humble/share/rmw_fastrtps_cpp/cmake)
[0.764s] -- Found OpenSSL: /usr/lib/x86_64-linux-gnu/libcrypto.so (found version "3.0.2")  
[0.784s] -- Found FastRTPS: /opt/ros/humble/include  
[0.825s] -- Using RMW implementation 'rmw_fastrtps_cpp' as default
[0.833s] -- Looking for pthread.h
[0.887s] -- Looking for pthread.h - found
[0.887s] -- Performing Test CMAKE_HAVE_LIBC_PTHREAD
[0.944s] -- Performing Test CMAKE_HAVE_LIBC_PTHREAD - Success
[0.945s] -- Found Threads: TRUE  
[1.103s] -- Found sensor_msgs: 4.2.2 (/opt/ros/humble/share/sensor_msgs/cmake)
[1.228s] [31mCMake Error at /opt/ros/humble/share/ament_cmake_target_dependencies/cmake/ament_target_dependencies.cmake:77 (message):
[1.229s]   ament_target_dependencies() the passed package name 'udev' was not found
[1.229s]   before
[1.229s] Call Stack (most recent call first):
[1.229s]   CMakeLists.txt:37 (ament_target_dependencies)
[1.229s] 
[1.229s] [0m
[1.229s] -- Configuring incomplete, errors occurred!
[1.229s] See also "/home/kiks/okdo_lidar/ld19/PC_ROS2_SDK/build/ldlidar/CMakeFiles/CMakeOutput.log".
[1.236s] Invoked command in '/home/kiks/okdo_lidar/ld19/PC_ROS2_SDK/build/ldlidar' returned '1': CMAKE_PREFIX_PATH=/opt/ros/humble /usr/bin/cmake /home/kiks/okdo_lidar/ld19/PC_ROS2_SDK/src/ldlidar -DCMAKE_INSTALL_PREFIX=/home/kiks/okdo_lidar/ld19/PC_ROS2_SDK/install/ldlidar
