[0.015s] Invoking command in '/home/kiks/okdo_lidar/ld19/PC_ROS2_SDK/build/ldlidar': CMAKE_PREFIX_PATH=${CMAKE_PREFIX_PATH}:/opt/ros/humble /usr/bin/cmake /home/kiks/okdo_lidar/ld19/PC_ROS2_SDK/src/ldlidar -DCMAKE_INSTALL_PREFIX=/home/kiks/okdo_lidar/ld19/PC_ROS2_SDK/install/ldlidar
[0.060s] -- The C compiler identification is GNU 11.3.0
[0.107s] -- The CXX compiler identification is GNU 11.3.0
[0.114s] -- Detecting C compiler ABI info
[0.165s] -- Detecting C compiler ABI info - done
[0.173s] -- Check for working C compiler: /usr/bin/cc - skipped
[0.173s] -- Detecting C compile features
[0.173s] -- Detecting C compile features - done
[0.176s] -- Detecting CXX compiler ABI info
[0.241s] -- Detecting CXX compiler ABI info - done
[0.249s] -- Check for working CXX compiler: /usr/bin/c++ - skipped
[0.249s] -- Detecting CXX compile features
[0.250s] -- Detecting CXX compile features - done
[0.252s] -- Found ament_cmake: 1.3.3 (/opt/ros/humble/share/ament_cmake/cmake)
[0.410s] -- Found Python3: /usr/bin/python3.10 (found version "3.10.6") found components: Interpreter 
[0.484s] -- Found ament_lint_auto: 0.12.4 (/opt/ros/humble/share/ament_lint_auto/cmake)
[0.576s] -- Found rclcpp: 16.0.2 (/opt/ros/humble/share/rclcpp/cmake)
[0.616s] -- Found rosidl_generator_c: 3.1.4 (/opt/ros/humble/share/rosidl_generator_c/cmake)
[0.620s] -- Found rosidl_adapter: 3.1.4 (/opt/ros/humble/share/rosidl_adapter/cmake)
[0.628s] -- Found rosidl_generator_cpp: 3.1.4 (/opt/ros/humble/share/rosidl_generator_cpp/cmake)
[0.641s] -- Using all available rosidl_typesupport_c: rosidl_typesupport_fastrtps_c;rosidl_typesupport_introspection_c
[0.661s] -- Using all available rosidl_typesupport_cpp: rosidl_typesupport_fastrtps_cpp;rosidl_typesupport_introspection_cpp
[0.726s] -- Found rmw_implementation_cmake: 6.1.1 (/opt/ros/humble/share/rmw_implementation_cmake/cmake)
[0.728s] -- Found rmw_fastrtps_cpp: 6.2.2 (/opt/ros/humble/share/rmw_fastrtps_cpp/cmake)
[0.796s] -- Found OpenSSL: /usr/lib/x86_64-linux-gnu/libcrypto.so (found version "3.0.2")  
[0.819s] -- Found FastRTPS: /opt/ros/humble/include  
[0.858s] -- Using RMW implementation 'rmw_fastrtps_cpp' as default
[0.865s] -- Looking for pthread.h
[0.923s] -- Looking for pthread.h - found
[0.923s] -- Performing Test CMAKE_HAVE_LIBC_PTHREAD
[0.979s] -- Performing Test CMAKE_HAVE_LIBC_PTHREAD - Success
[0.980s] -- Found Threads: TRUE  
[1.139s] -- Found sensor_msgs: 4.2.2 (/opt/ros/humble/share/sensor_msgs/cmake)
[1.267s] -- Added test 'cppcheck' to perform static code analysis on C / C++ code
[1.267s] -- Configured cppcheck include dirs: 
[1.267s] -- Configured cppcheck exclude dirs and/or files: 
[1.268s] -- Added test 'lint_cmake' to check CMake code style
[1.269s] -- Added test 'uncrustify' to check C / C++ code style
[1.269s] -- Configured uncrustify additional arguments: 
[1.269s] -- Added test 'xmllint' to check XML markup files
[1.270s] -- Configuring done
[1.277s] -- Generating done
[1.279s] -- Build files have been written to: /home/kiks/okdo_lidar/ld19/PC_ROS2_SDK/build/ldlidar
[1.286s] Invoked command in '/home/kiks/okdo_lidar/ld19/PC_ROS2_SDK/build/ldlidar' returned '0': CMAKE_PREFIX_PATH=${CMAKE_PREFIX_PATH}:/opt/ros/humble /usr/bin/cmake /home/kiks/okdo_lidar/ld19/PC_ROS2_SDK/src/ldlidar -DCMAKE_INSTALL_PREFIX=/home/kiks/okdo_lidar/ld19/PC_ROS2_SDK/install/ldlidar
[1.288s] Invoking command in '/home/kiks/okdo_lidar/ld19/PC_ROS2_SDK/build/ldlidar': CMAKE_PREFIX_PATH=${CMAKE_PREFIX_PATH}:/opt/ros/humble /usr/bin/cmake --build /home/kiks/okdo_lidar/ld19/PC_ROS2_SDK/build/ldlidar -- -j8 -l8
[1.318s] [35m[1mConsolidate compiler generated dependencies of target ldlider[0m
[1.335s] [ 20%] [32mBuilding CXX object CMakeFiles/ldlider.dir/src/cmd_interface_linux.cpp.o[0m
[1.923s] [ 40%] [32m[1mLinking CXX executable ldlider[0m
[2.120s] [100%] Built target ldlider
[2.129s] Invoked command in '/home/kiks/okdo_lidar/ld19/PC_ROS2_SDK/build/ldlidar' returned '0': CMAKE_PREFIX_PATH=${CMAKE_PREFIX_PATH}:/opt/ros/humble /usr/bin/cmake --build /home/kiks/okdo_lidar/ld19/PC_ROS2_SDK/build/ldlidar -- -j8 -l8
[2.155s] Invoking command in '/home/kiks/okdo_lidar/ld19/PC_ROS2_SDK/build/ldlidar': CMAKE_PREFIX_PATH=${CMAKE_PREFIX_PATH}:/opt/ros/humble /usr/bin/cmake --install /home/kiks/okdo_lidar/ld19/PC_ROS2_SDK/build/ldlidar
[2.160s] -- Install configuration: ""
[2.160s] -- Installing: /home/kiks/okdo_lidar/ld19/PC_ROS2_SDK/install/ldlidar/lib/ldlidar/ldlider
[2.161s] -- Set runtime path of "/home/kiks/okdo_lidar/ld19/PC_ROS2_SDK/install/ldlidar/lib/ldlidar/ldlider" to ""
[2.161s] -- Up-to-date: /home/kiks/okdo_lidar/ld19/PC_ROS2_SDK/install/ldlidar/share/ament_index/resource_index/package_run_dependencies/ldlidar
[2.161s] -- Up-to-date: /home/kiks/okdo_lidar/ld19/PC_ROS2_SDK/install/ldlidar/share/ament_index/resource_index/parent_prefix_path/ldlidar
[2.161s] -- Up-to-date: /home/kiks/okdo_lidar/ld19/PC_ROS2_SDK/install/ldlidar/share/ldlidar/environment/ament_prefix_path.sh
[2.161s] -- Installing: /home/kiks/okdo_lidar/ld19/PC_ROS2_SDK/install/ldlidar/share/ldlidar/environment/ament_prefix_path.dsv
[2.162s] -- Up-to-date: /home/kiks/okdo_lidar/ld19/PC_ROS2_SDK/install/ldlidar/share/ldlidar/environment/path.sh
[2.162s] -- Installing: /home/kiks/okdo_lidar/ld19/PC_ROS2_SDK/install/ldlidar/share/ldlidar/environment/path.dsv
[2.162s] -- Up-to-date: /home/kiks/okdo_lidar/ld19/PC_ROS2_SDK/install/ldlidar/share/ldlidar/local_setup.bash
[2.162s] -- Up-to-date: /home/kiks/okdo_lidar/ld19/PC_ROS2_SDK/install/ldlidar/share/ldlidar/local_setup.sh
[2.162s] -- Up-to-date: /home/kiks/okdo_lidar/ld19/PC_ROS2_SDK/install/ldlidar/share/ldlidar/local_setup.zsh
[2.162s] -- Installing: /home/kiks/okdo_lidar/ld19/PC_ROS2_SDK/install/ldlidar/share/ldlidar/local_setup.dsv
[2.162s] -- Installing: /home/kiks/okdo_lidar/ld19/PC_ROS2_SDK/install/ldlidar/share/ldlidar/package.dsv
[2.162s] -- Up-to-date: /home/kiks/okdo_lidar/ld19/PC_ROS2_SDK/install/ldlidar/share/ament_index/resource_index/packages/ldlidar
[2.162s] -- Up-to-date: /home/kiks/okdo_lidar/ld19/PC_ROS2_SDK/install/ldlidar/share/ldlidar/cmake/ldlidarConfig.cmake
[2.163s] -- Up-to-date: /home/kiks/okdo_lidar/ld19/PC_ROS2_SDK/install/ldlidar/share/ldlidar/cmake/ldlidarConfig-version.cmake
[2.163s] -- Up-to-date: /home/kiks/okdo_lidar/ld19/PC_ROS2_SDK/install/ldlidar/share/ldlidar/package.xml
[2.164s] Invoked command in '/home/kiks/okdo_lidar/ld19/PC_ROS2_SDK/build/ldlidar' returned '0': CMAKE_PREFIX_PATH=${CMAKE_PREFIX_PATH}:/opt/ros/humble /usr/bin/cmake --install /home/kiks/okdo_lidar/ld19/PC_ROS2_SDK/build/ldlidar
